FamilyPop/familyPop/build/outputs/logs/manifest-merger-release-report.txt
-- Merging decision tree log ---
manifest
ADDED from AndroidManifest.xml:2:1
	xmlns:android
		ADDED from AndroidManifest.xml:2:11
	package
		ADDED from AndroidManifest.xml:3:5
		INJECTED from AndroidManifest.xml:0:0
		INJECTED from AndroidManifest.xml:0:0
	android:versionName
		ADDED from AndroidManifest.xml:5:5
	android:versionCode
		ADDED from AndroidManifest.xml:4:5
		INJECTED from AndroidManifest.xml:0:0
		INJECTED from AndroidManifest.xml:0:0
uses-sdk
ADDED from AndroidManifest.xml:7:5
MERGED from com.android.support:multidex:1.0.0:18:5
MERGED from FamilyPop:socioPhone_lib_dist:unspecified:7:5
MERGED from FamilyPop:mmlib:unspecified:5:5
MERGED from FamilyPop:socioPhone_lib_dist:unspecified:7:5
	android:targetSdkVersion
		ADDED from AndroidManifest.xml:9:9
		INJECTED from AndroidManifest.xml:0:0
		INJECTED from AndroidManifest.xml:0:0
	android:minSdkVersion
		ADDED from AndroidManifest.xml:8:9
		INJECTED from AndroidManifest.xml:0:0
		INJECTED from AndroidManifest.xml:0:0
uses-permission#android.permission.ACCESS_WIFI_STATE
ADDED from AndroidManifest.xml:10:5
	android:name
		ADDED from AndroidManifest.xml:10:22
uses-permission#android.permission.ACCESS_FINE_LOCATION
ADDED from AndroidManifest.xml:11:5
	android:name
		ADDED from AndroidManifest.xml:11:22
uses-permission#android.permission.ACCESS_COARSE_LOCATION
ADDED from AndroidManifest.xml:12:5
	android:name
		ADDED from AndroidManifest.xml:12:22
uses-permission#android.permission.BLUETOOTH
ADDED from AndroidManifest.xml:13:5
	android:name
		ADDED from AndroidManifest.xml:13:22
uses-permission#android.permission.BLUETOOTH_ADMIN
ADDED from AndroidManifest.xml:14:5
	android:name
		ADDED from AndroidManifest.xml:14:22
uses-permission#android.permission.INTERNET
ADDED from AndroidManifest.xml:15:5
	android:name
		ADDED from AndroidManifest.xml:15:22
uses-permission#android.permission.WRITE_EXTERNAL_STORAGE
ADDED from AndroidManifest.xml:16:5
	android:name
		ADDED from AndroidManifest.xml:16:22
uses-permission#android.permission.WAKE_LOCK
ADDED from AndroidManifest.xml:17:5
	android:name
		ADDED from AndroidManifest.xml:17:22
uses-permission#android.permission.RECORD_AUDIO
ADDED from AndroidManifest.xml:18:5
	android:name
		ADDED from AndroidManifest.xml:18:22
uses-permission#android.permission.READ_EXTERNAL_STORAGE
ADDED from AndroidManifest.xml:24:5
	android:name
		ADDED from AndroidManifest.xml:24:22
uses-permission#android.permission.MODIFY_AUDIO_SETTINGS
ADDED from AndroidManifest.xml:27:5
	android:name
		ADDED from AndroidManifest.xml:27:22
uses-permission#android.permission.MOUNT_FORMAT_FILESYSTEMS
ADDED from AndroidManifest.xml:29:5
	android:name
		ADDED from AndroidManifest.xml:29:22
uses-permission#android.permission.MOUNT_UNMOUNT_FILESYSTEMS
ADDED from AndroidManifest.xml:30:5
	android:name
		ADDED from AndroidManifest.xml:30:22
application
ADDED from AndroidManifest.xml:33:5
MERGED from FamilyPop:socioPhone_lib_dist:unspecified:11:5
MERGED from FamilyPop:mmlib:unspecified:9:5
MERGED from FamilyPop:socioPhone_lib_dist:unspecified:11:5
	android:label
		ADDED from AndroidManifest.xml:36:9
	android:allowBackup
		ADDED from AndroidManifest.xml:34:9
	android:icon
		ADDED from AndroidManifest.xml:35:9
	android:theme
		ADDED from AndroidManifest.xml:37:9
activity#com.j2y.familypop.MainActivity
ADDED from AndroidManifest.xml:38:9
	android:label
		ADDED from AndroidManifest.xml:40:13
	android:name
		ADDED from AndroidManifest.xml:39:13
intent-filter#android.intent.action.MAIN+android.intent.category.LAUNCHER
ADDED from AndroidManifest.xml:42:13
action#android.intent.action.MAIN
ADDED from AndroidManifest.xml:43:17
	android:name
		ADDED from AndroidManifest.xml:43:25
category#android.intent.category.LAUNCHER
ADDED from AndroidManifest.xml:44:17
	android:name
		ADDED from AndroidManifest.xml:44:27
activity#com.j2y.familypop.activity.Activity_serverMain
ADDED from AndroidManifest.xml:48:9
	android:screenOrientation
		ADDED from AndroidManifest.xml:48:81
	android:label
		ADDED from AndroidManifest.xml:48:119
	android:name
		ADDED from AndroidManifest.xml:48:19
activity#com.j2y.familypop.activity.Activity_clientMain
ADDED from AndroidManifest.xml:49:9
	android:label
		ADDED from AndroidManifest.xml:49:81
	android:name
		ADDED from AndroidManifest.xml:49:19
activity#com.j2y.familypop.activity.lobby.Activity_title
ADDED from AndroidManifest.xml:52:9
	android:label
		ADDED from AndroidManifest.xml:52:82
	android:name
		ADDED from AndroidManifest.xml:52:19
activity#com.j2y.familypop.backup.Activity_mainRoleBackup
ADDED from AndroidManifest.xml:54:9
	android:label
		ADDED from AndroidManifest.xml:54:83
	android:name
		ADDED from AndroidManifest.xml:54:19
activity#com.j2y.familypop.activity.client.Activity_clientGame
ADDED from AndroidManifest.xml:55:9
	android:label
		ADDED from AndroidManifest.xml:55:88
	android:name
		ADDED from AndroidManifest.xml:55:19
activity#com.j2y.familypop.activity.lobby.Activity_talkHistory
ADDED from AndroidManifest.xml:58:9
	android:label
		ADDED from AndroidManifest.xml:58:88
	android:name
		ADDED from AndroidManifest.xml:58:19
activity#com.j2y.familypop.activity.lobby.Activity_talkHistoryPlayback
ADDED from AndroidManifest.xml:59:9
	android:label
		ADDED from AndroidManifest.xml:59:96
	android:name
		ADDED from AndroidManifest.xml:59:19
activity#com.j2y.familypop.activity.lobby.Activity_mainRole
ADDED from AndroidManifest.xml:61:9
	android:label
		ADDED from AndroidManifest.xml:61:85
	android:name
		ADDED from AndroidManifest.xml:61:19
activity#com.j2y.familypop.activity.client.Activity_clientStart
ADDED from AndroidManifest.xml:62:9
	android:label
		ADDED from AndroidManifest.xml:62:89
	android:name
		ADDED from AndroidManifest.xml:62:19
activity#com.j2y.familypop.activity.lobby.Activity_locatorStart
ADDED from AndroidManifest.xml:63:9
	android:label
		ADDED from AndroidManifest.xml:63:89
	android:name
		ADDED from AndroidManifest.xml:63:19
activity#com.j2y.familypop.activity.server.Activity_serverStart
ADDED from AndroidManifest.xml:64:9
	android:label
		ADDED from AndroidManifest.xml:64:89
	android:name
		ADDED from AndroidManifest.xml:64:19
activity#com.j2y.familypop.activity.server.Activity_serverCalibration
ADDED from AndroidManifest.xml:67:9
	android:label
		ADDED from AndroidManifest.xml:67:95
	android:name
		ADDED from AndroidManifest.xml:67:19
activity#com.j2y.familypop.activity.server.Activity_serverCalibrationLocation
ADDED from AndroidManifest.xml:68:9
	android:label
		ADDED from AndroidManifest.xml:68:103
	android:name
		ADDED from AndroidManifest.xml:68:19
activity#com.j2y.familypop.activity.lobby.Activity_locatorWaitingForConnection
ADDED from AndroidManifest.xml:71:9
	android:label
		ADDED from AndroidManifest.xml:71:104
	android:name
		ADDED from AndroidManifest.xml:71:19